 #hydrostatic equilibrium dump
 #alt/km p/mbar Tgas/K
   1.0000000000000000        1103.3936946330919        293.05416620000000     
   2.0000000000000000        948.90957706824474        286.10833229999997     
   3.0000000000000000        810.25437847285025        279.16249850000003     
   4.0000000000000000        686.96063152502290        272.21666460000000     
   5.0000000000000000        578.04797578253908        265.27083080000000     
   6.0000000000000000        482.41558483786167        258.32499689999997     
   7.0000000000000000        398.88717744109584        251.37916310000000     
   8.0000000000000000        326.65797574990216        244.43332930000000     
   9.0000000000000000        264.76740652433364        237.48749540000000     
   10.000000000000000        212.17569091507150        230.54166160000000     
   11.000000000000000        168.00111855382593        223.59582770000000     
   12.000000000000000        139.10836023482702        216.64999390000000     
   13.000000000000000        119.23257577215128        216.64999390000000     
   14.000000000000000        102.51400183204137        216.64999390000000     
   15.000000000000000        88.434713774551895        216.64999390000000     
   16.000000000000000        76.569535486829423        216.64999390000000     
   17.000000000000000        66.532351288436999        216.64999390000000     
   18.000000000000000        57.986955207639298        216.64999390000000     
   19.000000000000000        50.647681244264461        216.64999390000000     
   20.000000000000000        44.333981903593759        216.64999390000000     
   21.000000000000000        39.557893113020356        217.58097839999999     
   22.000000000000000        35.410192993068094        218.57426450000000     
   23.000000000000000        31.749354188464732        219.56723020000001     
   24.000000000000000        28.510829671344435        220.55989070000001     
   25.000000000000000        25.646000587218300        221.55224609999999     
   26.000000000000000        23.111526650050152        222.54428100000001     
   27.000000000000000        20.862045348155412        223.53601069999999     
   28.000000000000000        18.861690978056721        224.52743530000001     
   29.000000000000000        17.090960704566271        225.51855470000001     
   30.000000000000000        15.516233739244090        226.50933839999999     
   31.000000000000000        14.110732297386901        227.49983219999999     
   32.000000000000000        12.859113702584731        228.49002080000000     
   33.000000000000000        12.193169751901822        230.97369380000001     
   34.000000000000000        11.663287221537097        233.74447630000000     
   35.000000000000000        11.168341919428951        236.51438899999999     
   36.000000000000000        10.696353249733299        239.28343200000000     
   37.000000000000000        10.254140366827555        242.05162050000001     
   38.000000000000000        9.8357899921577712        244.81892400000001     
   39.000000000000000        9.4324330284638993        247.58538820000001     
   40.000000000000000        9.0486998432583885        250.35098270000000     
   41.000000000000000        8.6869913747893950        253.11570739999999     
   42.000000000000000        8.3368866494706371        255.87957760000000     
   43.000000000000000        8.0015000362381468        258.64257809999998     
   44.000000000000000        7.6788954793440283        261.40469359999997     
   45.000000000000000        7.3707363036114701        264.16598510000000     
   46.000000000000000        7.0739530791930889        266.92639159999999     
   47.000000000000000        6.7890790347954688        269.68597410000001     
   48.000000000000000        6.2213894517841997        270.64999390000003     
   49.000000000000000        5.5583908949545417        270.64999390000003     
   50.000000000000000        4.9637930245237936        270.64999390000003     
   51.000000000000000        4.4300517623664737        270.64999390000003     
   52.000000000000000        3.7756482381205383        269.02914429999998     
   53.000000000000000        3.1061377473363381        266.27471919999999     
   54.000000000000000        2.5454436736033781        263.52117920000001     
   55.000000000000000        2.0776824622246792        260.76849370000002     
   56.000000000000000        1.6882633911816542        258.01666260000002     
   57.000000000000000        1.3660376865483157        255.26568599999999     
   58.000000000000000        1.1004792015901066        252.51556400000001     
   59.000000000000000       0.88254070636812409        249.76629639999999     
   60.000000000000000       0.70456843966656990        247.01789860000000     
   61.000000000000000       0.55994811004742973        244.27034000000000     
   62.000000000000000       0.44295807045360547        241.52363589999999     
   63.000000000000000       0.34884133211940749        238.77778630000000     
   64.000000000000000       0.27353310879906451        236.03280640000000     
   65.000000000000000       0.21355811935296812        233.28866579999999     
   66.000000000000000       0.16602903700549262        230.54537959999999     
   67.000000000000000       0.12855759688974142        227.80293270000001     
   68.000000000000000        9.9124732395266063E-002   225.06135560000001     
   69.000000000000000        7.6242533590707026E-002   222.32064819999999     
   70.000000000000000        5.8438847818226211E-002   219.58074950000000     
   71.000000000000000        4.4605612066950621E-002   216.84172060000000     
   72.000000000000000        3.4230589270594122E-002   214.25968929999999     
   73.000000000000000        2.7183429641058850E-002   212.30444340000000     
   74.000000000000000        2.1525231927733181E-002   210.34982299999999     
   75.000000000000000        1.7002967852672083E-002   208.39579770000000     
   76.000000000000000        1.3431978687471846E-002   206.44239809999999     
   77.000000000000000        1.0757211328230558E-002   204.48957820000001     
   78.000000000000000        8.9591173516395967E-003   202.53738400000000     
   79.000000000000000        7.8028819879672005E-003   200.58578489999999     
   80.000000000000000        7.0863690796456897E-003   198.63479609999999     
   81.000000000000000        6.6496988992197428E-003   196.68441770000001     
   82.000000000000000        6.3919363803026999E-003   194.73463440000000     
   83.000000000000000        6.2580284674824830E-003   192.78546140000000     
   84.000000000000000        6.2281996880822451E-003   190.83688350000000     
   85.000000000000000        7.3210908302468250E-003   191.00000000000000     
   86.000000000000000        7.7045817040409092E-003   190.00000000000000     
   87.000000000000000        7.5154182260926614E-003   188.00000000000000     
   88.000000000000000        8.0280550136716446E-003   187.00000000000000     
   89.000000000000000        9.1651965093041878E-003   187.00000000000000     
   90.000000000000000        1.0158700486690620E-002   187.00000000000000     
   91.000000000000000        1.1928785913160036E-002   188.00000000000000     
   92.000000000000000        1.3674782838909496E-002   189.00000000000000     
   93.000000000000000        1.4370482928015852E-002   189.00000000000000     
   94.000000000000000        1.6595760555528288E-002   190.00000000000000     
   95.000000000000000        1.9521671088166274E-002   191.00000000000000     
   96.000000000000000        2.4304658949285959E-002   192.00000000000000     
   97.000000000000000        3.4414227951716940E-002   193.00000000000000     
   98.000000000000000        6.3235311672324518E-002   193.00000000000000     
   99.000000000000000       0.29777594059740464        194.00000000000000     
   100.00000000000000        21.286098959694726        195.00000000000000     
