 #hydrostatic equilibrium dump
 #alt/km p/mbar Tgas/K
   1.0000000000000000        912.85259749702072        293.05416620000000     
   2.0000000000000000        785.00936886663305        286.10833229999997     
   3.0000000000000000        670.31418743965241        279.16249850000003     
   4.0000000000000000        568.30153935199871        272.21666460000000     
   5.0000000000000000        478.16328863092474        265.27083080000000     
   6.0000000000000000        399.02303353404375        258.32499689999997     
   7.0000000000000000        329.91366019133943        251.37916310000000     
   8.0000000000000000        270.14827297532577        244.43332930000000     
   9.0000000000000000        218.92612874892146        237.48749540000000     
   10.000000000000000        175.39973263040318        230.54166160000000     
   11.000000000000000        138.79762841150861        223.59582770000000     
   12.000000000000000        114.74344463299602        216.64999390000000     
   13.000000000000000        97.998210146432243        216.64999390000000     
   14.000000000000000        83.697588465729282        216.64999390000000     
   15.000000000000000        71.479089268791995        216.64999390000000     
   16.000000000000000        61.043113331815995        216.64999390000000     
   17.000000000000000        52.136489401865532        216.64999390000000     
   18.000000000000000        44.528571418556325        216.64999390000000     
   19.000000000000000        38.021629556360971        216.64999390000000     
   20.000000000000000        32.480816713351174        216.64999390000000     
   21.000000000000000        28.253271067752220        217.58097839999999     
   22.000000000000000        24.640467151025245        218.57426450000000     
   23.000000000000000        21.517351657779326        219.56723020000001     
   24.000000000000000        18.810252993932558        220.55989070000001     
   25.000000000000000        16.466966691440206        221.55224609999999     
   26.000000000000000        14.431797969426112        222.54428100000001     
   27.000000000000000        12.663427535856830        223.53601069999999     
   28.000000000000000        11.123906029705166        224.52743530000001     
   29.000000000000000        9.7832568313651436        225.51855470000001     
   30.000000000000000        8.6133068287249337        226.50933839999999     
   31.000000000000000        7.5917600037319382        227.49983219999999     
   32.000000000000000        6.6995265846421477        228.49002080000000     
   33.000000000000000        6.1493779604614422        230.97369380000001     
   34.000000000000000        5.6969420283369594        233.74447630000000     
   35.000000000000000        5.2882634696665134        236.51438899999999     
   36.000000000000000        4.9163937344030524        239.28343200000000     
   37.000000000000000        4.5808227912126194        242.05162050000001     
   38.000000000000000        4.2755304338373898        244.81892400000001     
   39.000000000000000        3.9956930135117967        247.58538820000001     
   40.000000000000000        3.7401843827607353        250.35098270000000     
   41.000000000000000        3.5077806416763586        253.11570739999999     
   42.000000000000000        3.2932731312166750        255.87957760000000     
   43.000000000000000        3.0970759134774530        258.64257809999998     
   44.000000000000000        2.9161599240424487        261.40469359999997     
   45.000000000000000        2.7498912440047905        264.16598510000000     
   46.000000000000000        2.5962889524967063        266.92639159999999     
   47.000000000000000        2.4543833183925270        269.68597410000001     
   48.000000000000000        2.2176441513485772        270.64999390000003     
   49.000000000000000        1.9545436799299871        270.64999390000003     
   50.000000000000000        1.7226932784242746        270.64999390000003     
   51.000000000000000        1.5182756971211644        270.64999390000003     
   52.000000000000000        1.2784983816966700        269.02914429999998     
   53.000000000000000        1.0393489477939437        266.27471919999999     
   54.000000000000000       0.84150150756940434        263.52117920000001     
   55.000000000000000       0.67843268998817885        260.76849370000002     
   56.000000000000000       0.54440063722401144        258.01666260000002     
   57.000000000000000       0.43490797698299644        255.26568599999999     
   58.000000000000000       0.34580870023726601        252.51556400000001     
   59.000000000000000       0.27358999225090053        249.76629639999999     
   60.000000000000000       0.21536362293621175        247.01789860000000     
   61.000000000000000       0.16865188138859313        244.27034000000000     
   62.000000000000000       0.13135215520756799        241.52363589999999     
   63.000000000000000       0.10173228411791614        238.77778630000000     
   64.000000000000000        7.8347304464386272E-002   236.03280640000000     
   65.000000000000000        5.9976166404996728E-002   233.28866579999999     
   66.000000000000000        4.5631137950957107E-002   230.54537959999999     
   67.000000000000000        3.4496258923709437E-002   227.80293270000001     
   68.000000000000000        2.5899284283423200E-002   225.06135560000001     
   69.000000000000000        1.9317032505758242E-002   222.32064819999999     
   70.000000000000000        1.4303677617618015E-002   219.58074950000000     
   71.000000000000000        1.0514791410367088E-002   216.84172060000000     
   72.000000000000000        7.7390793036900404E-003   214.25968929999999     
   73.000000000000000        5.8739805725987115E-003   212.30444340000000     
   74.000000000000000        4.4349170943897686E-003   210.34982299999999     
   75.000000000000000        3.3313822104689699E-003   208.39579770000000     
   76.000000000000000        2.4891409142933996E-003   206.44239809999999     
   77.000000000000000        1.8497271750088707E-003   204.48957820000001     
   78.000000000000000        1.3671125553997830E-003   202.53738400000000     
   79.000000000000000        1.0044113722535387E-003   200.58578489999999     
   80.000000000000000        7.3366256902416714E-004   198.63479609999999     
   81.000000000000000        5.3270377088656708E-004   196.68441770000001     
   82.000000000000000        3.8438204623489634E-004   194.73463440000000     
   83.000000000000000        2.7550069409599696E-004   192.78546140000000     
   84.000000000000000        1.9618830723285179E-004   190.83688350000000     
   85.000000000000000        1.6631293743308106E-004   191.00000000000000     
   86.000000000000000        1.2756417407788965E-004   190.00000000000000     
   87.000000000000000        8.9271110004689581E-005   188.00000000000000     
   88.000000000000000        6.7962173786920060E-005   187.00000000000000     
   89.000000000000000        5.6610365401358817E-005   187.00000000000000     
   90.000000000000000        4.7143640740801541E-005   187.00000000000000     
   91.000000000000000        4.3133595716736908E-005   188.00000000000000     
   92.000000000000000        3.9500293196146193E-005   189.00000000000000     
   93.000000000000000        3.2965252521685684E-005   189.00000000000000     
   94.000000000000000        3.0246993038962937E-005   190.00000000000000     
   95.000000000000000        2.7774291278195542E-005   191.00000000000000     
   96.000000000000000        2.5532887040267603E-005   192.00000000000000     
   97.000000000000000        2.3490795938700698E-005   193.00000000000000     
   98.000000000000000        1.9678415647569372E-005   193.00000000000000     
   99.000000000000000        1.8137266252612720E-005   194.00000000000000     
   100.00000000000000        1.6731514203086353E-005   195.00000000000000     
